<?xml version="1.0" encoding="UTF-8"?>
<!-- Generated by org.testng.reporters.JUnitReportReporter -->
<testsuite skipped="0" hostname="DESKTOP-8BE63OI" name="com.regression.BaseClass" tests="3" failures="0" timestamp="19 Apr 2020 20:51:14 GMT" time="67.138" errors="0">
  <testcase name="pageTitle_02" time="67.127" classname="com.regression.BaseClass"/>
  <testcase name="Market_03" time="0.008" classname="com.regression.BaseClass"/>
  <testcase name="Market_04" time="0.003" classname="com.regression.BaseClass"/>
</testsuite> <!-- com.regression.BaseClass -->
