<?xml version="1.0" encoding="UTF-8"?>
<!-- Generated by org.testng.reporters.JUnitReportReporter -->
<testsuite skipped="0" hostname="DESKTOP-8BE63OI" name="com.regression.CNN_Testing" tests="3" failures="0" timestamp="24 Apr 2020 02:58:20 GMT" time="46.249" errors="0">
  <testcase name="pageTitle_02" time="46.243" classname="com.regression.CNN_Testing"/>
  <testcase name="Market_04" time="0.001" classname="com.regression.CNN_Testing"/>
  <testcase name="Market_03" time="0.005" classname="com.regression.CNN_Testing"/>
</testsuite> <!-- com.regression.CNN_Testing -->
